(---------------------------------------------------------------------)
(                                                                     )
(    ARTWORK LOG                                                      )
(                                                                     )
(    Drawing          : led_project 1.brd                             )
(    Software Version : 22.1P001                                      )
(    Date/Time        : Fri Apr 25 10:11:57 2025                      )
(                                                                     )
(---------------------------------------------------------------------)


 ---- Photoplot outline rectangle not found; using drawing extents.



Results from parameter file ...
    DEVICE-TYPE           GERBER_RS274X
    OUTPUT-UNITS          MM
    FILM-SIZE             2400000 1600000
    FORMAT                2.5
    ABORT-ON-ERROR        NO
    SCALE                 1
    SUPPRESS-LEAD-ZEROES  YES
    SUPPRESS-TRAIL-ZEROES NO
    SUPPRESS-EQUAL        YES
    UNDEF-APT-CONT        NO



================================================================
     PROCESSING FILM < TopL >
     TO FILE < C:/OrCAD/allegro/TopL.art > ...
================================================================

  FILM PARAMETERS :
  ---------------------------------------------------------
  Undefined line width                0.1000
  Mirror code                         NONE
  Rotate angle                        NONE
  Offset x:                           0.0000
  Offset y:                           0.0000
  Plot negative                       NO
  Suppress unconnected internal pads  NO
  Draw holes only                     NO



  APERTURES USED:
  ---------------------------------------------------------
  TYPE       SIZE/NAME                   ROT   MIRROR MODE 
  ---------------------------------------------------------
  CIRCLE     0.50000                                  DARK 
  CIRCLE     0.60000                                  DARK 
  RECTANGLE  0.80010     x 0.80010      90.000 NO     DARK 
  RECTANGLE  0.89990     x 1.19990      90.000 NO     DARK 
  OBLONG     2.00000     x 1.59990       0.000 NO     DARK 

     TopL created.


================================================================
     PROCESSING FILM < BotL >
     TO FILE < C:/OrCAD/allegro/BotL.art > ...
================================================================

  FILM PARAMETERS :
  ---------------------------------------------------------
  Undefined line width                0.1000
  Mirror code                         NONE
  Rotate angle                        NONE
  Offset x:                           0.0000
  Offset y:                           0.0000
  Plot negative                       NO
  Suppress unconnected internal pads  NO
  Draw holes only                     NO



  APERTURES USED:
  ---------------------------------------------------------
  TYPE       SIZE/NAME                   ROT   MIRROR MODE 
  ---------------------------------------------------------
  CIRCLE     0.30000                                  DARK 
  CIRCLE     0.50000                                  DARK 
  CIRCLE     0.60000                                  DARK 
  RECTANGLE  0.80010     x 0.80010      90.000 NO     DARK 
  RECTANGLE  0.89990     x 1.19990      90.000 NO     DARK 
  OBLONG     2.00000     x 1.59990       0.000 NO     DARK 

     BotL created.


================================================================
     PROCESSING FILM < SlkT >
     TO FILE < C:/OrCAD/allegro/SlkT.art > ...
================================================================

  FILM PARAMETERS :
  ---------------------------------------------------------
  Undefined line width                0.1000
  Mirror code                         NONE
  Rotate angle                        NONE
  Offset x:                           0.0000
  Offset y:                           0.0000
  Plot negative                       NO
  Suppress unconnected internal pads  NO
  Draw holes only                     NO

    WARNING: text composed 0 width line found at (73.5000 58.0000)
           ... using undefined line width of 0.1000

    WARNING: text having Multiple 0 width lines; all will be treated the same as the first.
           ... using undefined line width of 0.1000

    WARNING: 0 width line found at (74.5650 73.0200)
           ... using undefined line width of 0.1000

    WARNING: Multiple 0 width lines; all will be treated the same as the first.
           ... using undefined line width of 0.1000



  APERTURES USED:
  ---------------------------------------------------------
  TYPE       SIZE/NAME                   ROT   MIRROR MODE 
  ---------------------------------------------------------
  CIRCLE     0.10000                                  DARK 

     SlkT created with warnings


================================================================
     PROCESSING FILM < SlkB >
     TO FILE < C:/OrCAD/allegro/SlkB.art > ...
================================================================

  FILM PARAMETERS :
  ---------------------------------------------------------
  Undefined line width                0.1000
  Mirror code                         NONE
  Rotate angle                        NONE
  Offset x:                           0.0000
  Offset y:                           0.0000
  Plot negative                       NO
  Suppress unconnected internal pads  NO
  Draw holes only                     NO



  APERTURES USED:
  ---------------------------------------------------------
  TYPE       SIZE/NAME                   ROT   MIRROR MODE 
  ---------------------------------------------------------
  CIRCLE     0.10000                                  DARK 

     SlkB created.


================================================================
     PROCESSING FILM < SolderT >
     TO FILE < C:/OrCAD/allegro/SolderT.art > ...
================================================================

  FILM PARAMETERS :
  ---------------------------------------------------------
  Undefined line width                0.1000
  Mirror code                         NONE
  Rotate angle                        NONE
  Offset x:                           0.0000
  Offset y:                           0.0000
  Plot negative                       NO
  Suppress unconnected internal pads  NO
  Draw holes only                     NO



  APERTURES USED:
  ---------------------------------------------------------
  TYPE       SIZE/NAME                   ROT   MIRROR MODE 
  ---------------------------------------------------------
  RECTANGLE  1.00000     x 1.00000      90.000 NO     DARK 
  RECTANGLE  1.10010     x 1.40000      90.000 NO     DARK 
  OBLONG     2.19990     x 1.80010       0.000 NO     DARK 

     SolderT created.


================================================================
     PROCESSING FILM < SolderB >
     TO FILE < C:/OrCAD/allegro/SolderB.art > ...
================================================================

  FILM PARAMETERS :
  ---------------------------------------------------------
  Undefined line width                0.1000
  Mirror code                         NONE
  Rotate angle                        NONE
  Offset x:                           0.0000
  Offset y:                           0.0000
  Plot negative                       NO
  Suppress unconnected internal pads  NO
  Draw holes only                     NO



  APERTURES USED:
  ---------------------------------------------------------
  TYPE       SIZE/NAME                   ROT   MIRROR MODE 
  ---------------------------------------------------------
  RECTANGLE  1.00000     x 1.00000      90.000 NO     DARK 
  RECTANGLE  1.10010     x 1.40000      90.000 NO     DARK 
  OBLONG     2.19990     x 1.80010       0.000 NO     DARK 

     SolderB created.


================================================================
     PROCESSING FILM < PasteT >
     TO FILE < C:/OrCAD/allegro/PasteT.art > ...
================================================================

  FILM PARAMETERS :
  ---------------------------------------------------------
  Undefined line width                0.1000
  Mirror code                         NONE
  Rotate angle                        NONE
  Offset x:                           0.0000
  Offset y:                           0.0000
  Plot negative                       NO
  Suppress unconnected internal pads  NO
  Draw holes only                     NO



  APERTURES USED:
  ---------------------------------------------------------
  TYPE       SIZE/NAME                   ROT   MIRROR MODE 
  ---------------------------------------------------------
  RECTANGLE  0.70000     x 0.70000      90.000 NO     DARK 
  RECTANGLE  0.89990     x 1.19990      90.000 NO     DARK 

     PasteT created.


================================================================
     PROCESSING FILM < PasteB >
     TO FILE < C:/OrCAD/allegro/PasteB.art > ...
================================================================

  FILM PARAMETERS :
  ---------------------------------------------------------
  Undefined line width                0.1000
  Mirror code                         NONE
  Rotate angle                        NONE
  Offset x:                           0.0000
  Offset y:                           0.0000
  Plot negative                       NO
  Suppress unconnected internal pads  NO
  Draw holes only                     NO



  APERTURES USED:
  ---------------------------------------------------------
  TYPE       SIZE/NAME                   ROT   MIRROR MODE 
  ---------------------------------------------------------
  RECTANGLE  0.70000     x 0.70000      90.000 NO     DARK 
  RECTANGLE  0.89990     x 1.19990      90.000 NO     DARK 

     PasteB created.


================================================================
     PROCESSING FILM < Board >
     TO FILE < C:/OrCAD/allegro/Board.art > ...
================================================================

  FILM PARAMETERS :
  ---------------------------------------------------------
  Undefined line width                0.1000
  Mirror code                         NONE
  Rotate angle                        NONE
  Offset x:                           0.0000
  Offset y:                           0.0000
  Plot negative                       NO
  Suppress unconnected internal pads  NO
  Draw holes only                     NO



  APERTURES USED:
  ---------------------------------------------------------
  TYPE       SIZE/NAME                   ROT   MIRROR MODE 
  ---------------------------------------------------------
  CIRCLE     0.10000                                  DARK 

     Board created.


------------------------------------------------------
 SUMMARY:
        TopL created.
        BotL created.
        SlkT created with warnings
        SlkB created.
        SolderT created.
        SolderB created.
        PasteT created.
        PasteB created.
        Board created.

 ARTWORK had warnings
